<?xml version="1.0" encoding="UTF-8" ?>
<testsuite tests="8" failures="0" name="com.mycompany.mavenjunit.MavenDavidTest" time="0.007" errors="0" skipped="0">
  <properties>
[...]
</properties>
  <testcase classname="com.mycompany.mavenjunit.MavenDavidTest" name="com.mycompany.mavenjunit.MavenDavidTest.testDia_laboraldefault" time="0.006"/>
  <testcase classname="com.mycompany.mavenjunit.MavenDavidTest" name="com.mycompany.mavenjunit.MavenDavidTest.testDia_laboral5" time="0.001"/>
  <testcase classname="com.mycompany.mavenjunit.MavenDavidTest" name="com.mycompany.mavenjunit.MavenDavidTest.testDia_laboral" time="0"/>
  <testcase classname="com.mycompany.mavenjunit.MavenDavidTest" name="com.mycompany.mavenjunit.MavenDavidTest.testDia_laboral2" time="0"/>
  <testcase classname="com.mycompany.mavenjunit.MavenDavidTest" name="com.mycompany.mavenjunit.MavenDavidTest.testDia_laboral7" time="0"/>
  <testcase classname="com.mycompany.mavenjunit.MavenDavidTest" name="com.mycompany.mavenjunit.MavenDavidTest.testDia_laboral4" time="0"/>
  <testcase classname="com.mycompany.mavenjunit.MavenDavidTest" name="com.mycompany.mavenjunit.MavenDavidTest.testDia_laboral3" time="0"/>
  <testcase classname="com.mycompany.mavenjunit.MavenDavidTest" name="com.mycompany.mavenjunit.MavenDavidTest.testDia_laboral6" time="0"/>
</testsuite>